[21:24:20] [main/INFO]: LiteLoader 1.7.10_04 starting up...
[21:24:20] [main/INFO]: Java reports OS="windows 8.1"
[21:24:20] [main/INFO]: Enumerating class path...
[21:24:20] [main/INFO]: Class path separator=";"
[21:24:20] [main/INFO]: Class path entries=(
   classpathEntry=C:\User Programs\ATlauncher\ATLauncher.exe
   classpathEntry=anything
   classpathEntry=C:\User Programs\ATlauncher\Instances\ResonantRiseStonebound\jarmods\forge-1.7.10-10.13.4.1448-1.7.10-universal.jar
   classpathEntry=C:\User Programs\ATlauncher\Instances\ResonantRiseStonebound\bin\launchwrapper-1.11.jar
   classpathEntry=C:\User Programs\ATlauncher\Instances\ResonantRiseStonebound\bin\asm-all-5.0.3.jar
   classpathEntry=C:\User Programs\ATlauncher\Instances\ResonantRiseStonebound\bin\akka-actor_2.11-2.3.3.jar
   classpathEntry=C:\User Programs\ATlauncher\Instances\ResonantRiseStonebound\bin\config-1.2.1.jar
   classpathEntry=C:\User Programs\ATlauncher\Instances\ResonantRiseStonebound\bin\scala-actors-migration_2.11-1.1.0.jar
   classpathEntry=C:\User Programs\ATlauncher\Instances\ResonantRiseStonebound\bin\scala-compiler-2.11.1.jar
   classpathEntry=C:\User Programs\ATlauncher\Instances\ResonantRiseStonebound\bin\scala-continuations-library_2.11-1.0.2.jar
   classpathEntry=C:\User Programs\ATlauncher\Instances\ResonantRiseStonebound\bin\scala-continuations-plugin_2.11.1-1.0.2.jar
   classpathEntry=C:\User Programs\ATlauncher\Instances\ResonantRiseStonebound\bin\scala-library-2.11.1.jar
   classpathEntry=C:\User Programs\ATlauncher\Instances\ResonantRiseStonebound\bin\scala-parser-combinators_2.11-1.0.1.jar
   classpathEntry=C:\User Programs\ATlauncher\Instances\ResonantRiseStonebound\bin\scala-reflect-2.11.1.jar
   classpathEntry=C:\User Programs\ATlauncher\Instances\ResonantRiseStonebound\bin\scala-swing_2.11-1.0.1.jar
   classpathEntry=C:\User Programs\ATlauncher\Instances\ResonantRiseStonebound\bin\scala-xml_2.11-1.0.2.jar
   classpathEntry=C:\User Programs\ATlauncher\Instances\ResonantRiseStonebound\bin\lzma-0.0.1.jar
   classpathEntry=C:\User Programs\ATlauncher\Instances\ResonantRiseStonebound\bin\jopt-simple-4.5.jar
   classpathEntry=C:\User Programs\ATlauncher\Instances\ResonantRiseStonebound\bin\guava-17.0.jar
   classpathEntry=C:\User Programs\ATlauncher\Instances\ResonantRiseStonebound\bin\commons-lang3-3.3.2.jar
   classpathEntry=C:\User Programs\ATlauncher\Instances\ResonantRiseStonebound\bin\liteloader-1.7.10.jar
   classpathEntry=C:\User Programs\ATlauncher\Instances\ResonantRiseStonebound\bin\realms-1.3.5.jar
   classpathEntry=C:\User Programs\ATlauncher\Instances\ResonantRiseStonebound\bin\commons-compress-1.8.1.jar
   classpathEntry=C:\User Programs\ATlauncher\Instances\ResonantRiseStonebound\bin\httpclient-4.3.3.jar
   classpathEntry=C:\User Programs\ATlauncher\Instances\ResonantRiseStonebound\bin\commons-logging-1.1.3.jar
   classpathEntry=C:\User Programs\ATlauncher\Instances\ResonantRiseStonebound\bin\httpcore-4.3.2.jar
   classpathEntry=C:\User Programs\ATlauncher\Instances\ResonantRiseStonebound\bin\vecmath-1.3.1.jar
   classpathEntry=C:\User Programs\ATlauncher\Instances\ResonantRiseStonebound\bin\trove4j-3.0.3.jar
   classpathEntry=C:\User Programs\ATlauncher\Instances\ResonantRiseStonebound\bin\icu4j-core-mojang-51.2.jar
   classpathEntry=C:\User Programs\ATlauncher\Instances\ResonantRiseStonebound\bin\codecjorbis-20101023.jar
   classpathEntry=C:\User Programs\ATlauncher\Instances\ResonantRiseStonebound\bin\codecwav-20101023.jar
   classpathEntry=C:\User Programs\ATlauncher\Instances\ResonantRiseStonebound\bin\libraryjavasound-20101123.jar
   classpathEntry=C:\User Programs\ATlauncher\Instances\ResonantRiseStonebound\bin\librarylwjglopenal-20100824.jar
   classpathEntry=C:\User Programs\ATlauncher\Instances\ResonantRiseStonebound\bin\soundsystem-20120107.jar
   classpathEntry=C:\User Programs\ATlauncher\Instances\ResonantRiseStonebound\bin\netty-all-4.0.10.Final.jar
   classpathEntry=C:\User Programs\ATlauncher\Instances\ResonantRiseStonebound\bin\commons-io-2.4.jar
   classpathEntry=C:\User Programs\ATlauncher\Instances\ResonantRiseStonebound\bin\commons-codec-1.9.jar
   classpathEntry=C:\User Programs\ATlauncher\Instances\ResonantRiseStonebound\bin\jinput-2.0.5.jar
   classpathEntry=C:\User Programs\ATlauncher\Instances\ResonantRiseStonebound\bin\jutils-1.0.0.jar
   classpathEntry=C:\User Programs\ATlauncher\Instances\ResonantRiseStonebound\bin\gson-2.2.4.jar
   classpathEntry=C:\User Programs\ATlauncher\Instances\ResonantRiseStonebound\bin\authlib-1.5.21.jar
   classpathEntry=C:\User Programs\ATlauncher\Instances\ResonantRiseStonebound\bin\log4j-api-2.0-beta9.jar
   classpathEntry=C:\User Programs\ATlauncher\Instances\ResonantRiseStonebound\bin\log4j-core-2.0-beta9.jar
   classpathEntry=C:\User Programs\ATlauncher\Instances\ResonantRiseStonebound\bin\lwjgl-2.9.1.jar
   classpathEntry=C:\User Programs\ATlauncher\Instances\ResonantRiseStonebound\bin\lwjgl_util-2.9.1.jar
   classpathEntry=C:\User Programs\ATlauncher\Instances\ResonantRiseStonebound\bin\twitch-5.16.jar
   classpathEntry=C:\User Programs\ATlauncher\Instances\ResonantRiseStonebound\bin\minecraft.jar
)
[21:24:20] [main/INFO]: Registering discovery module EnumeratorModuleClassPath: [<Java Class Path>]
[21:24:20] [main/INFO]: Registering discovery module EnumeratorModuleFolder: [C:\User Programs\ATlauncher\Instances\ResonantRiseStonebound\mods]
[21:24:20] [main/INFO]: Registering discovery module EnumeratorModuleFolder: [C:\User Programs\ATlauncher\Instances\ResonantRiseStonebound\mods\1.7.10]
[21:24:20] [main/INFO]: Adding supported mod class prefix 'LiteMod'
[21:24:20] [main/INFO]: Discovering tweaks on class path...
[21:24:20] [main/INFO]: Discovering valid mod files in folder C:\User Programs\ATlauncher\Instances\ResonantRiseStonebound\mods
[21:24:20] [main/INFO]: Considering valid mod file: C:\User Programs\ATlauncher\Instances\ResonantRiseStonebound\mods\MOUSETWEAKS-2.4.4-MC1.7.10.jar
[21:24:20] [main/INFO]: Adding newest valid mod file 'C:\User Programs\ATlauncher\Instances\ResonantRiseStonebound\mods\MOUSETWEAKS-2.4.4-MC1.7.10.jar' at revision 184.0000
[21:24:20] [main/INFO]: Discovering valid mod files in folder C:\User Programs\ATlauncher\Instances\ResonantRiseStonebound\mods\1.7.10
[21:24:20] [main/INFO]: Searching for tweaks in 'Baubles-1.7.10-1.0.1.10.jar'
[21:24:20] [main/WARN]: Error parsing manifest entries in 'C:\User Programs\ATlauncher\Instances\ResonantRiseStonebound\mods\1.7.10\Baubles-1.7.10-1.0.1.10.jar'
[21:24:20] [main/INFO]: Searching for tweaks in 'CodeChickenLib-1.7.10-1.1.3.138-universal.jar'
[21:24:20] [main/WARN]: Error parsing manifest entries in 'C:\User Programs\ATlauncher\Instances\ResonantRiseStonebound\mods\1.7.10\CodeChickenLib-1.7.10-1.1.3.138-universal.jar'
[21:24:20] [main/INFO]: Searching for tweaks in 'commons-codec-1.9.jar'
[21:24:20] [main/WARN]: Error parsing manifest entries in 'C:\User Programs\ATlauncher\Instances\ResonantRiseStonebound\mods\1.7.10\commons-codec-1.9.jar'
[21:24:20] [main/INFO]: Searching for tweaks in 'commons-compress-1.8.1.jar'
[21:24:20] [main/WARN]: Error parsing manifest entries in 'C:\User Programs\ATlauncher\Instances\ResonantRiseStonebound\mods\1.7.10\commons-compress-1.8.1.jar'
[21:24:20] [main/INFO]: Searching for tweaks in 'ForgeMultipart-1.7.10-1.2.0.344-universal.jar'
[21:24:20] [main/WARN]: Error parsing manifest entries in 'C:\User Programs\ATlauncher\Instances\ResonantRiseStonebound\mods\1.7.10\ForgeMultipart-1.7.10-1.2.0.344-universal.jar'
[21:24:20] [main/INFO]: Searching for tweaks in 'LibSandstone-1.0.0.jar'
[21:24:20] [main/WARN]: Error parsing manifest entries in 'C:\User Programs\ATlauncher\Instances\ResonantRiseStonebound\mods\1.7.10\LibSandstone-1.0.0.jar'
[21:24:20] [main/INFO]: Searching for tweaks in 'MrTJPCore-1.0.8.16-universal.jar'
[21:24:20] [main/WARN]: Error parsing manifest entries in 'C:\User Programs\ATlauncher\Instances\ResonantRiseStonebound\mods\1.7.10\MrTJPCore-1.0.8.16-universal.jar'
[21:24:20] [main/INFO]: Searching for tweaks in '[1.7.10]bspkrsCore-universal-6.16.jar'
[21:24:20] [main/WARN]: Error parsing manifest entries in 'C:\User Programs\ATlauncher\Instances\ResonantRiseStonebound\mods\1.7.10\[1.7.10]bspkrsCore-universal-6.16.jar'
[21:24:20] [main/INFO]: LiteLoader PREINIT complete
[21:24:28] [main/INFO]: Injecting onstartupcomplete[x1] in func_71384_a in Minecraft
[21:24:28] [main/INFO]: Injecting prerenderfbo[x1] in func_71411_J in Minecraft
[21:24:28] [main/INFO]: Injecting postrenderfbo[x1] in func_71411_J in Minecraft
[21:24:28] [main/INFO]: Injecting ontimerupdate[x1] in func_71411_J in Minecraft
[21:24:28] [main/INFO]: Injecting onrender[x1] in func_71411_J in Minecraft
[21:24:28] [main/INFO]: Injecting ontick[x1] in func_71411_J in Minecraft
[21:24:28] [main/INFO]: Injecting updateframebuffersize[x1] in func_147119_ah in Minecraft
[21:24:28] [main/INFO]: Injecting newtick[x1] in func_71407_l in Minecraft
[21:24:28] [main/INFO]: Applying overlay com.mumfrey.liteloader.client.overlays.MinecraftOverlay to net.minecraft.client.Minecraft
[21:24:28] [main/INFO]: MinecraftOverlayTransformer found INIT injection point, this is good.
[21:24:29] [main/INFO]: Injecting onrenderchat[x1] in func_73830_a in GuiIngame
[21:24:29] [main/INFO]: Injecting postrenderchat[x1] in func_73830_a in GuiIngame
[21:24:29] [main/INFO]: Injecting onc16packetclientstatus[x1] in func_148833_a in C16PacketClientStatus
[21:24:29] [main/INFO]: Injecting onoutboundchat[x1] in func_71165_d in EntityClientPlayerMP
[21:24:29] [main/INFO]: Injecting onc00handshake[x1] in func_148833_a in C00Handshake
[21:24:29] [main/INFO]: Injecting onc00packetloginstart[x1] in func_148833_a in C00PacketLoginStart
[21:24:30] [main/INFO]: Injecting ons03packettimeupdate[x1] in func_148833_a in S03PacketTimeUpdate
[21:24:31] [main/INFO]: Injecting ons34packetmaps[x1] in func_148833_a in S34PacketMaps
[21:24:31] [Client thread/INFO]: Injecting onc15packetclientsettings[x1] in func_148833_a in C15PacketClientSettings
[21:24:31] [Client thread/INFO]: Injecting renderfbo[x1] in func_147615_c in Framebuffer
[21:24:32] [Client thread/INFO]: Injecting oncreateintegratedserver[x1] in <init> in IntegratedServer
[21:24:32] [Client thread/INFO]: Generating new Event Handler Proxy Class com.mumfrey.liteloader.core.event.EventProxy
[21:24:32] [Client thread/INFO]: Successfully generated event handler proxy class with 19 handlers(s) and 19 total invokations
[21:24:42] [Client thread/INFO]: Injecting ons21packetchunkdata[x1] in func_148833_a in S21PacketChunkData
[21:24:46] [Client thread/INFO]: Injecting ons3fpacketcustompayload[x1] in func_148833_a in S3FPacketCustomPayload
[21:24:46] [Client thread/INFO]: Injecting onc17packetcustompayload[x1] in func_148833_a in C17PacketCustomPayload
[21:24:46] [Client thread/INFO]: Injecting ons00packetkeepalive[x1] in func_148833_a in S00PacketKeepAlive
[21:24:46] [Client thread/INFO]: Injecting ons01packetjoingame[x1] in func_148833_a in S01PacketJoinGame
[21:24:46] [Client thread/INFO]: Injecting ons02packetchat[x1] in func_148833_a in S02PacketChat
[21:24:46] [Client thread/INFO]: Injecting ons04packetentityequipment[x1] in func_148833_a in S04PacketEntityEquipment
[21:24:46] [Client thread/INFO]: Injecting ons05packetspawnposition[x1] in func_148833_a in S05PacketSpawnPosition
[21:24:46] [Client thread/INFO]: Injecting ons06packetupdatehealth[x1] in func_148833_a in S06PacketUpdateHealth
[21:24:46] [Client thread/INFO]: Injecting ons07packetrespawn[x1] in func_148833_a in S07PacketRespawn
[21:24:46] [Client thread/INFO]: Injecting ons08packetplayerposlook[x1] in func_148833_a in S08PacketPlayerPosLook
[21:24:46] [Client thread/INFO]: Injecting ons09packethelditemchange[x1] in func_148833_a in S09PacketHeldItemChange
[21:24:46] [Client thread/INFO]: Injecting ons0apacketusebed[x1] in func_148833_a in S0APacketUseBed
[21:24:46] [Client thread/INFO]: Injecting ons0bpacketanimation[x1] in func_148833_a in S0BPacketAnimation
[21:24:46] [Client thread/INFO]: Injecting ons0cpacketspawnplayer[x1] in func_148833_a in S0CPacketSpawnPlayer
[21:24:46] [Client thread/INFO]: Injecting ons0dpacketcollectitem[x1] in func_148833_a in S0DPacketCollectItem
[21:24:46] [Client thread/INFO]: Injecting ons0epacketspawnobject[x1] in func_148833_a in S0EPacketSpawnObject
[21:24:46] [Client thread/INFO]: Injecting ons0fpacketspawnmob[x1] in func_148833_a in S0FPacketSpawnMob
[21:24:46] [Client thread/INFO]: Injecting ons10packetspawnpainting[x1] in func_148833_a in S10PacketSpawnPainting
[21:24:46] [Client thread/INFO]: Injecting ons11packetspawnexperienceorb[x1] in func_148833_a in S11PacketSpawnExperienceOrb
[21:24:46] [Client thread/INFO]: Injecting ons12packetentityvelocity[x1] in func_148833_a in S12PacketEntityVelocity
[21:24:46] [Client thread/INFO]: Injecting ons13packetdestroyentities[x1] in func_148833_a in S13PacketDestroyEntities
[21:24:46] [Client thread/INFO]: Injecting ons14packetentity[x1] in func_148833_a in S14PacketEntity
[21:24:46] [Client thread/INFO]: Injecting ons15packetentityrelmove[x1] in func_148833_a in S14PacketEntity$S15PacketEntityRelMove
[21:24:46] [Client thread/INFO]: Injecting ons16packetentitylook[x1] in func_148833_a in S14PacketEntity$S16PacketEntityLook
[21:24:46] [Client thread/INFO]: Injecting ons17packetentitylookmove[x1] in func_148833_a in S14PacketEntity$S17PacketEntityLookMove
[21:24:46] [Client thread/INFO]: Injecting ons18packetentityteleport[x1] in func_148833_a in S18PacketEntityTeleport
[21:24:46] [Client thread/INFO]: Injecting ons19packetentityheadlook[x1] in func_148833_a in S19PacketEntityHeadLook
[21:24:46] [Client thread/INFO]: Injecting ons19packetentitystatus[x1] in func_148833_a in S19PacketEntityStatus
[21:24:46] [Client thread/INFO]: Injecting ons1bpacketentityattach[x1] in func_148833_a in S1BPacketEntityAttach
[21:24:46] [Client thread/INFO]: Injecting ons1cpacketentitymetadata[x1] in func_148833_a in S1CPacketEntityMetadata
[21:24:46] [Client thread/INFO]: Injecting ons1dpacketentityeffect[x1] in func_148833_a in S1DPacketEntityEffect
[21:24:46] [Client thread/INFO]: Injecting ons1epacketremoveentityeffect[x1] in func_148833_a in S1EPacketRemoveEntityEffect
[21:24:46] [Client thread/INFO]: Injecting ons1fpacketsetexperience[x1] in func_148833_a in S1FPacketSetExperience
[21:24:46] [Client thread/INFO]: Injecting ons20packetentityproperties[x1] in func_148833_a in S20PacketEntityProperties
[21:24:46] [Client thread/INFO]: Injecting ons22packetmultiblockchange[x1] in func_148833_a in S22PacketMultiBlockChange
[21:24:46] [Client thread/INFO]: Injecting ons23packetblockchange[x1] in func_148833_a in S23PacketBlockChange
[21:24:46] [Client thread/INFO]: Injecting ons24packetblockaction[x1] in func_148833_a in S24PacketBlockAction
[21:24:46] [Client thread/INFO]: Injecting ons25packetblockbreakanim[x1] in func_148833_a in S25PacketBlockBreakAnim
[21:24:46] [Client thread/INFO]: Injecting ons26packetmapchunkbulk[x1] in func_148833_a in S26PacketMapChunkBulk
[21:24:46] [Client thread/INFO]: Injecting ons27packetexplosion[x1] in func_148833_a in S27PacketExplosion
[21:24:46] [Client thread/INFO]: Injecting ons28packeteffect[x1] in func_148833_a in S28PacketEffect
[21:24:46] [Client thread/INFO]: Injecting ons29packetsoundeffect[x1] in func_148833_a in S29PacketSoundEffect
[21:24:46] [Client thread/INFO]: Injecting ons2apacketparticles[x1] in func_148833_a in S2APacketParticles
[21:24:46] [Client thread/INFO]: Injecting ons2bpacketchangegamestate[x1] in func_148833_a in S2BPacketChangeGameState
[21:24:46] [Client thread/INFO]: Injecting ons2cpacketspawnglobalentity[x1] in func_148833_a in S2CPacketSpawnGlobalEntity
[21:24:46] [Client thread/INFO]: Injecting ons2dpacketopenwindow[x1] in func_148833_a in S2DPacketOpenWindow
[21:24:46] [Client thread/INFO]: Injecting ons2epacketclosewindow[x1] in func_148833_a in S2EPacketCloseWindow
[21:24:46] [Client thread/INFO]: Injecting ons2fpacketsetslot[x1] in func_148833_a in S2FPacketSetSlot
[21:24:46] [Client thread/INFO]: Injecting ons30packetwindowitems[x1] in func_148833_a in S30PacketWindowItems
[21:24:46] [Client thread/INFO]: Injecting ons31packetwindowproperty[x1] in func_148833_a in S31PacketWindowProperty
[21:24:46] [Client thread/INFO]: Injecting ons32packetconfirmtransaction[x1] in func_148833_a in S32PacketConfirmTransaction
[21:24:46] [Client thread/INFO]: Injecting ons33packetupdatesign[x1] in func_148833_a in S33PacketUpdateSign
[21:24:46] [Client thread/INFO]: Injecting ons35packetupdatetileentity[x1] in func_148833_a in S35PacketUpdateTileEntity
[21:24:46] [Client thread/INFO]: Injecting ons36packetsigneditoropen[x1] in func_148833_a in S36PacketSignEditorOpen
[21:24:46] [Client thread/INFO]: Injecting ons37packetstatistics[x1] in func_148833_a in S37PacketStatistics
[21:24:46] [Client thread/INFO]: Injecting ons38packetplayerlistitem[x1] in func_148833_a in S38PacketPlayerListItem
[21:24:46] [Client thread/INFO]: Injecting ons39packetplayerabilities[x1] in func_148833_a in S39PacketPlayerAbilities
[21:24:46] [Client thread/INFO]: Injecting ons3apackettabcomplete[x1] in func_148833_a in S3APacketTabComplete
[21:24:46] [Client thread/INFO]: Injecting ons3bpacketscoreboardobjective[x1] in func_148833_a in S3BPacketScoreboardObjective
[21:24:46] [Client thread/INFO]: Injecting ons3cpacketupdatescore[x1] in func_148833_a in S3CPacketUpdateScore
[21:24:46] [Client thread/INFO]: Injecting ons3dpacketdisplayscoreboard[x1] in func_148833_a in S3DPacketDisplayScoreboard
[21:24:46] [Client thread/INFO]: Injecting ons3epacketteams[x1] in func_148833_a in S3EPacketTeams
[21:24:46] [Client thread/INFO]: Injecting ons40packetdisconnect[x1] in func_148833_a in S40PacketDisconnect
[21:24:46] [Client thread/INFO]: Injecting onc00packetkeepalive[x1] in func_148833_a in C00PacketKeepAlive
[21:24:46] [Client thread/INFO]: Injecting onc01packetchatmessage[x1] in func_148833_a in C01PacketChatMessage
[21:24:46] [Client thread/INFO]: Injecting onc02packetuseentity[x1] in func_148833_a in C02PacketUseEntity
[21:24:46] [Client thread/INFO]: Injecting onc03packetplayer[x1] in func_148833_a in C03PacketPlayer
[21:24:46] [Client thread/INFO]: Injecting onc04packetplayerposition[x1] in func_148833_a in C03PacketPlayer$C04PacketPlayerPosition
[21:24:46] [Client thread/INFO]: Injecting onc05packetplayerlook[x1] in func_148833_a in C03PacketPlayer$C05PacketPlayerLook
[21:24:46] [Client thread/INFO]: Injecting onc06packetplayerposlook[x1] in func_148833_a in C03PacketPlayer$C06PacketPlayerPosLook
[21:24:46] [Client thread/INFO]: Injecting onc07packetplayerdigging[x1] in func_148833_a in C07PacketPlayerDigging
[21:24:46] [Client thread/INFO]: Injecting onc08packetplayerblockplacement[x1] in func_148833_a in C08PacketPlayerBlockPlacement
[21:24:46] [Client thread/INFO]: Injecting onc09packethelditemchange[x1] in func_148833_a in C09PacketHeldItemChange
[21:24:46] [Client thread/INFO]: Injecting onc0apacketanimation[x1] in func_148833_a in C0APacketAnimation
[21:24:46] [Client thread/INFO]: Injecting onc0bpacketentityaction[x1] in func_148833_a in C0BPacketEntityAction
[21:24:46] [Client thread/INFO]: Injecting onc0cpacketinput[x1] in func_148833_a in C0CPacketInput
[21:24:46] [Client thread/INFO]: Injecting onc0dpacketclosewindow[x1] in func_148833_a in C0DPacketCloseWindow
[21:24:46] [Client thread/INFO]: Injecting onc0epacketclickwindow[x1] in func_148833_a in C0EPacketClickWindow
[21:24:46] [Client thread/INFO]: Injecting onc0fpacketconfirmtransaction[x1] in func_148833_a in C0FPacketConfirmTransaction
[21:24:46] [Client thread/INFO]: Injecting onc10packetcreativeinventoryaction[x1] in func_148833_a in C10PacketCreativeInventoryAction
[21:24:46] [Client thread/INFO]: Injecting onc11packetenchantitem[x1] in func_148833_a in C11PacketEnchantItem
[21:24:46] [Client thread/INFO]: Injecting onc12packetupdatesign[x1] in func_148833_a in C12PacketUpdateSign
[21:24:46] [Client thread/INFO]: Injecting onc13packetplayerabilities[x1] in func_148833_a in C13PacketPlayerAbilities
[21:24:46] [Client thread/INFO]: Injecting onc14packettabcomplete[x1] in func_148833_a in C14PacketTabComplete
[21:24:46] [Client thread/INFO]: Injecting ons00packetserverinfo[x1] in func_148833_a in S00PacketServerInfo
[21:24:46] [Client thread/INFO]: Injecting ons01packetpong[x1] in func_148833_a in S01PacketPong
[21:24:46] [Client thread/INFO]: Injecting ons00packetdisconnect[x1] in func_148833_a in S00PacketDisconnect
[21:24:46] [Client thread/INFO]: Injecting ons01packetencryptionrequest[x1] in func_148833_a in S01PacketEncryptionRequest
[21:24:46] [Client thread/INFO]: Injecting ons02packetloginsuccess[x1] in func_148833_a in S02PacketLoginSuccess
[21:24:46] [Client thread/INFO]: Injecting onc01packetencryptionresponse[x1] in func_148833_a in C01PacketEncryptionResponse
[21:24:49] [Client thread/INFO]: Injecting onplayerlogin[x1] in func_72377_c in ServerConfigurationManager
[21:24:49] [Client thread/INFO]: Injecting onplayerlogout[x1] in func_72367_e in ServerConfigurationManager
[21:24:49] [Client thread/INFO]: Injecting onspawnplayer[x1] in func_148545_a in ServerConfigurationManager
[21:24:49] [Client thread/INFO]: Injecting onrespawnplayer[x1] in func_72368_a in ServerConfigurationManager
[21:24:57] [Client thread/INFO]: Injecting prerendergui[x1] in func_78480_b in EntityRenderer
[21:24:57] [Client thread/INFO]: Injecting onrenderhud[x1] in func_78480_b in EntityRenderer
[21:24:57] [Client thread/INFO]: Injecting postrenderhud[x1] in func_78480_b in EntityRenderer
[21:24:57] [Client thread/INFO]: Injecting onrenderworld[x1] in func_78471_a in EntityRenderer
[21:24:57] [Client thread/INFO]: Injecting onsetupcameratransform[x1] in func_78471_a in EntityRenderer
[21:24:57] [Client thread/INFO]: Injecting postrenderentities[x1] in func_78471_a in EntityRenderer
[21:24:57] [Client thread/INFO]: Injecting postrender[x1] in func_78471_a in EntityRenderer
[21:24:57] [Client thread/INFO]: Injecting postrender[x1] in func_78471_a in EntityRenderer
[21:25:37] [Client thread/INFO]: JInput Component Registry is initialising...
[21:25:37] [Client thread/INFO]: Inspecting Keyboard controller HID Keyboard Device on Unknown...
[21:25:37] [Client thread/INFO]: Inspecting Keyboard controller HID Keyboard Device on Unknown...
[21:25:37] [Client thread/INFO]: Inspecting Keyboard controller HID Keyboard Device on Unknown...
[21:25:37] [Client thread/INFO]: Inspecting Mouse controller HID-compliant mouse on Unknown...
[21:25:37] [Client thread/INFO]: Inspecting Unknown controller Splashtop Virtual Hid on Unknown...
[21:25:37] [Client thread/INFO]: Inspecting Unknown controller Tt eSPORTS BLACK Element on Unknown...
[21:25:37] [Client thread/INFO]: Inspecting Unknown controller Plantronics GameCom 780/788 on Unknown...
[21:25:37] [Client thread/INFO]: Inspecting Unknown controller Corsair Gaming Keyboard on Unknown...
[21:25:37] [Client thread/INFO]: Inspecting Unknown controller Splashtop Virtual Hid on Unknown...
[21:25:37] [Client thread/INFO]: JInput Component Registry initialised, found 9 controller(s) 418 component(s)
[21:25:37] [Client thread/INFO]: LiteLoader begin INIT...
[21:25:37] [Client thread/INFO]: Baking listener list for CoreProvider with 2 listeners
[21:25:37] [Client thread/INFO]: Injecting external mods into class path...
[21:25:37] [Client thread/INFO]: Successfully injected mod file 'C:\User Programs\ATlauncher\Instances\ResonantRiseStonebound\mods\MOUSETWEAKS-2.4.4-MC1.7.10.jar' into classpath
[21:25:37] [Client thread/INFO]: Injecting external mods into class path...
[21:25:37] [Client thread/INFO]: Discovering mods on class path...
[21:25:37] [Client thread/INFO]: Searching C:\User Programs\ATlauncher\ATLauncher.exe...
[21:25:37] [Client thread/INFO]: Searching C:\User Programs\ATlauncher\Instances\ResonantRiseStonebound\jarmods\forge-1.7.10-10.13.4.1448-1.7.10-universal.jar...
[21:25:37] [Client thread/INFO]: Searching C:\User Programs\ATlauncher\Instances\ResonantRiseStonebound\bin\launchwrapper-1.11.jar...
[21:25:37] [Client thread/INFO]: Searching C:\User Programs\ATlauncher\Instances\ResonantRiseStonebound\bin\asm-all-5.0.3.jar...
[21:25:37] [Client thread/INFO]: Searching C:\User Programs\ATlauncher\Instances\ResonantRiseStonebound\bin\akka-actor_2.11-2.3.3.jar...
[21:25:37] [Client thread/INFO]: Searching C:\User Programs\ATlauncher\Instances\ResonantRiseStonebound\bin\config-1.2.1.jar...
[21:25:37] [Client thread/INFO]: Searching C:\User Programs\ATlauncher\Instances\ResonantRiseStonebound\bin\scala-actors-migration_2.11-1.1.0.jar...
[21:25:37] [Client thread/INFO]: Searching C:\User Programs\ATlauncher\Instances\ResonantRiseStonebound\bin\scala-compiler-2.11.1.jar...
[21:25:38] [Client thread/INFO]: Searching C:\User Programs\ATlauncher\Instances\ResonantRiseStonebound\bin\scala-continuations-library_2.11-1.0.2.jar...
[21:25:38] [Client thread/INFO]: Searching C:\User Programs\ATlauncher\Instances\ResonantRiseStonebound\bin\scala-continuations-plugin_2.11.1-1.0.2.jar...
[21:25:38] [Client thread/INFO]: Searching C:\User Programs\ATlauncher\Instances\ResonantRiseStonebound\bin\scala-library-2.11.1.jar...
[21:25:38] [Client thread/INFO]: Searching C:\User Programs\ATlauncher\Instances\ResonantRiseStonebound\bin\scala-parser-combinators_2.11-1.0.1.jar...
[21:25:38] [Client thread/INFO]: Searching C:\User Programs\ATlauncher\Instances\ResonantRiseStonebound\bin\scala-reflect-2.11.1.jar...
[21:25:38] [Client thread/INFO]: Searching C:\User Programs\ATlauncher\Instances\ResonantRiseStonebound\bin\scala-swing_2.11-1.0.1.jar...
[21:25:38] [Client thread/INFO]: Searching C:\User Programs\ATlauncher\Instances\ResonantRiseStonebound\bin\scala-xml_2.11-1.0.2.jar...
[21:25:38] [Client thread/INFO]: Searching C:\User Programs\ATlauncher\Instances\ResonantRiseStonebound\bin\lzma-0.0.1.jar...
[21:25:38] [Client thread/INFO]: Searching C:\User Programs\ATlauncher\Instances\ResonantRiseStonebound\bin\jopt-simple-4.5.jar...
[21:25:38] [Client thread/INFO]: Searching C:\User Programs\ATlauncher\Instances\ResonantRiseStonebound\bin\guava-17.0.jar...
[21:25:38] [Client thread/INFO]: Searching C:\User Programs\ATlauncher\Instances\ResonantRiseStonebound\bin\commons-lang3-3.3.2.jar...
[21:25:38] [Client thread/INFO]: Searching C:\User Programs\ATlauncher\Instances\ResonantRiseStonebound\bin\liteloader-1.7.10.jar...
[21:25:38] [Client thread/INFO]: Searching C:\User Programs\ATlauncher\Instances\ResonantRiseStonebound\bin\realms-1.3.5.jar...
[21:25:38] [Client thread/INFO]: Searching C:\User Programs\ATlauncher\Instances\ResonantRiseStonebound\bin\commons-compress-1.8.1.jar...
[21:25:38] [Client thread/INFO]: Searching C:\User Programs\ATlauncher\Instances\ResonantRiseStonebound\bin\httpclient-4.3.3.jar...
[21:25:38] [Client thread/INFO]: Searching C:\User Programs\ATlauncher\Instances\ResonantRiseStonebound\bin\commons-logging-1.1.3.jar...
[21:25:38] [Client thread/INFO]: Searching C:\User Programs\ATlauncher\Instances\ResonantRiseStonebound\bin\httpcore-4.3.2.jar...
[21:25:38] [Client thread/INFO]: Searching C:\User Programs\ATlauncher\Instances\ResonantRiseStonebound\bin\vecmath-1.3.1.jar...
[21:25:38] [Client thread/INFO]: Searching C:\User Programs\ATlauncher\Instances\ResonantRiseStonebound\bin\trove4j-3.0.3.jar...
[21:25:38] [Client thread/INFO]: Searching C:\User Programs\ATlauncher\Instances\ResonantRiseStonebound\bin\icu4j-core-mojang-51.2.jar...
[21:25:38] [Client thread/INFO]: Searching C:\User Programs\ATlauncher\Instances\ResonantRiseStonebound\bin\codecjorbis-20101023.jar...
[21:25:38] [Client thread/INFO]: Searching C:\User Programs\ATlauncher\Instances\ResonantRiseStonebound\bin\codecwav-20101023.jar...
[21:25:38] [Client thread/INFO]: Searching C:\User Programs\ATlauncher\Instances\ResonantRiseStonebound\bin\libraryjavasound-20101123.jar...
[21:25:38] [Client thread/INFO]: Searching C:\User Programs\ATlauncher\Instances\ResonantRiseStonebound\bin\librarylwjglopenal-20100824.jar...
[21:25:38] [Client thread/INFO]: Searching C:\User Programs\ATlauncher\Instances\ResonantRiseStonebound\bin\soundsystem-20120107.jar...
[21:25:38] [Client thread/INFO]: Searching C:\User Programs\ATlauncher\Instances\ResonantRiseStonebound\bin\netty-all-4.0.10.Final.jar...
[21:25:38] [Client thread/INFO]: Searching C:\User Programs\ATlauncher\Instances\ResonantRiseStonebound\bin\commons-io-2.4.jar...
[21:25:38] [Client thread/INFO]: Searching C:\User Programs\ATlauncher\Instances\ResonantRiseStonebound\bin\commons-codec-1.9.jar...
[21:25:38] [Client thread/INFO]: Searching C:\User Programs\ATlauncher\Instances\ResonantRiseStonebound\bin\jinput-2.0.5.jar...
[21:25:38] [Client thread/INFO]: Searching C:\User Programs\ATlauncher\Instances\ResonantRiseStonebound\bin\jutils-1.0.0.jar...
[21:25:38] [Client thread/INFO]: Searching C:\User Programs\ATlauncher\Instances\ResonantRiseStonebound\bin\gson-2.2.4.jar...
[21:25:38] [Client thread/INFO]: Searching C:\User Programs\ATlauncher\Instances\ResonantRiseStonebound\bin\authlib-1.5.21.jar...
[21:25:38] [Client thread/INFO]: Searching C:\User Programs\ATlauncher\Instances\ResonantRiseStonebound\bin\log4j-api-2.0-beta9.jar...
[21:25:38] [Client thread/INFO]: Searching C:\User Programs\ATlauncher\Instances\ResonantRiseStonebound\bin\log4j-core-2.0-beta9.jar...
[21:25:38] [Client thread/INFO]: Searching C:\User Programs\ATlauncher\Instances\ResonantRiseStonebound\bin\lwjgl-2.9.1.jar...
[21:25:38] [Client thread/INFO]: Searching C:\User Programs\ATlauncher\Instances\ResonantRiseStonebound\bin\lwjgl_util-2.9.1.jar...
[21:25:38] [Client thread/INFO]: Searching C:\User Programs\ATlauncher\Instances\ResonantRiseStonebound\bin\twitch-5.16.jar...
[21:25:38] [Client thread/INFO]: Searching C:\User Programs\ATlauncher\Instances\ResonantRiseStonebound\bin\minecraft.jar...
[21:25:38] [Client thread/INFO]: Discovering mods in valid mod files...
[21:25:38] [Client thread/INFO]: Searching C:\User Programs\ATlauncher\Instances\ResonantRiseStonebound\mods\MOUSETWEAKS-2.4.4-MC1.7.10.jar...
[21:25:38] [Client thread/INFO]: Found 1 potential matches
[21:25:38] [Client thread/INFO]: Discovering mods in valid mod files...
[21:25:38] [Client thread/INFO]: Mod class discovery completed
[21:25:38] [Client thread/INFO]: LiteLoader begin POSTINIT...
[21:25:38] [Client thread/INFO]: Inhibiting sound handler reload
[21:25:38] [Client thread/INFO]: Registering interface provider com.mumfrey.liteloader.client.ClientEvents for API LiteLoader core API
[21:25:38] [Client thread/INFO]: Registering interface provider com.mumfrey.liteloader.client.PacketEventsClient for API LiteLoader core API
[21:25:38] [Client thread/INFO]: Registering interface provider com.mumfrey.liteloader.client.ClientPluginChannelsClient for API LiteLoader core API
[21:25:38] [Client thread/INFO]: Registering interface provider com.mumfrey.liteloader.core.ServerPluginChannels for API LiteLoader core API
[21:25:38] [Client thread/INFO]: Registering interface provider com.mumfrey.liteloader.messaging.MessageBus for API LiteLoader core API
[21:25:38] [Client thread/INFO]: Discovered 1 total mod(s), injected 0 tweak(s)
[21:25:38] [Client thread/INFO]: Loading mod from yalter.mousetweaks.loaders.LiteModMouseTweaks
[21:25:38] [Client thread/INFO]: Baking listener list for ModLoadObserver with 0 listeners
[21:25:38] [Client thread/INFO]: Successfully added mod Mouse Tweaks version 2.4.4
[21:25:38] [Client thread/INFO]: Adding "C:\User Programs\ATlauncher\Instances\ResonantRiseStonebound\mods\MOUSETWEAKS-2.4.4-MC1.7.10.jar" to active resource pack set
[21:25:38] [Client thread/INFO]: Setting up "MOUSETWEAKS-2.4.4-MC1.7.10.jar" as mod resource pack with identifier "Mouse Tweaks"
[21:25:38] [Client thread/INFO]: Successfully added "C:\User Programs\ATlauncher\Instances\ResonantRiseStonebound\mods\MOUSETWEAKS-2.4.4-MC1.7.10.jar" to active resource pack set
[21:25:38] [Client thread/INFO]: Initialising mod Mouse Tweaks version 2.4.4
[21:25:38] [Client thread/INFO]: Baking listener list for InterfaceObserver with 0 listeners
[21:26:52] [Client thread/INFO]: Baking listener list for ViewportListener with 0 listeners
[21:26:52] [Client thread/INFO]: Sound handler reload inhibit removed
[21:26:52] [Client thread/INFO]: Reloading sound handler
[21:26:53] [Client thread/INFO]: Baking listener list for GameLoopListener with 0 listeners
[21:26:53] [Client thread/INFO]: Baking listener list for RenderListener with 1 listeners
[21:26:53] [Client thread/INFO]: Generating new Event Handler Proxy Class com.mumfrey.liteloader.core.event.EventProxy$2
[21:26:53] [Client thread/INFO]: Successfully generated event handler proxy class with 103 handlers(s) and 103 total invokations
[21:26:53] [Client thread/INFO]: Baking listener list for TickObserver with 3 listeners
[21:26:53] [Client thread/INFO]: Baking listener list for PostRenderObserver with 3 listeners
[21:26:53] [Client thread/INFO]: Baking listener list for Tickable with 0 listeners
[21:26:53] [Client thread/INFO]: Baking listener list for WorldObserver with 2 listeners
[21:26:53] [Client thread/INFO]: Baking listener list for FrameBufferListener with 0 listeners
[21:29:37] [Netty Client IO #1/INFO]: Baking listener list for PostLoginListener with 0 listeners
[21:29:38] [Client thread/INFO]: Baking listener list for PreJoinGameListener with 0 listeners
[21:29:41] [Client thread/INFO]: Baking listener list for JoinGameListener with 0 listeners
[21:29:42] [Client thread/INFO]: Baking listener list for ChatListener with 0 listeners
[21:29:53] [Client thread/INFO]: Baking listener list for PostRenderListener with 0 listeners
[21:29:53] [Client thread/INFO]: Baking listener list for HUDRenderListener with 0 listeners
[21:30:17] [Client thread/INFO]: LiteLoader is shutting down, shutting down core providers and syncing configuration
[21:30:17] [Client thread/INFO]: Baking listener list for ShutdownObserver with 2 listeners
